<?xml version="1.0" encoding="UTF-8"?>
<testng-results skipped="0" failed="0" ignored="0" total="1" passed="1">
  <reporter-output>
  </reporter-output>
  <suite name="Default suite" duration-ms="50" started-at="2021-08-24T12:27:01 IST" finished-at="2021-08-24T12:27:01 IST">
    <groups>
    </groups>
    <test name="Default test" duration-ms="50" started-at="2021-08-24T12:27:01 IST" finished-at="2021-08-24T12:27:01 IST">
      <class name="com.qa.pages.Sample">
        <test-method status="PASS" signature="test()[pri:0, instance:com.qa.pages.Sample@7a765367]" name="test" is-config="true" duration-ms="7" started-at="2021-08-24T12:27:01 IST" finished-at="2021-08-24T12:27:01 IST">
          <reporter-output>
          </reporter-output>
        </test-method> <!-- test -->
        <test-method status="PASS" signature="test2()[pri:0, instance:com.qa.pages.Sample@7a765367]" name="test2" duration-ms="4" started-at="2021-08-24T12:27:01 IST" finished-at="2021-08-24T12:27:01 IST">
          <reporter-output>
          </reporter-output>
        </test-method> <!-- test2 -->
        <test-method status="PASS" signature="test3()[pri:0, instance:com.qa.pages.Sample@7a765367]" name="test3" is-config="true" duration-ms="0" started-at="2021-08-24T12:27:01 IST" finished-at="2021-08-24T12:27:01 IST">
          <reporter-output>
          </reporter-output>
        </test-method> <!-- test3 -->
      </class> <!-- com.qa.pages.Sample -->
    </test> <!-- Default test -->
  </suite> <!-- Default suite -->
</testng-results>
